<?xml version="1.0" encoding="UTF-8"?>
<!-- Generated by org.testng.reporters.JUnitReportReporter -->
<testsuite hostname="Enthrall_IT" failures="0" tests="1" name="pages.HomePageTest" time="14.717" errors="0" timestamp="2023-08-10T21:55:32 EDT" skipped="0">
  <testcase classname="pages.HomePageTest" name="clickLogoTest" time="14.717"/>
  <system-out/>
</testsuite> <!-- pages.HomePageTest -->
