<?xml version="1.0" encoding="UTF-8"?>
<!-- Generated by org.testng.reporters.JUnitReportReporter -->
<testsuite hostname="Enthrall_IT" failures="0" tests="21" name="pages.HomePageTest" time="10.815" errors="0" timestamp="2023-08-17T21:33:57 EDT" skipped="20">
  <testcase classname="pages.HomePageTest" name="role6_use_of_cssSelector_as_locator_in_login_button" time="10.815"/>
  <system-out/>
  <testcase classname="pages.HomePageTest" name="use_of_xpath_as_locator_in_new_user_registration_button">
    <skipped/>
  </testcase> <!-- use_of_xpath_as_locator_in_new_user_registration_button -->
  <system-out/>
  <testcase classname="pages.HomePageTest" name="role3_use_of_cssSelector_as_locator_in_logo">
    <skipped/>
  </testcase> <!-- role3_use_of_cssSelector_as_locator_in_logo -->
  <system-out/>
  <testcase classname="pages.HomePageTest" name="use_of_linkText_as_locator_in_forgot_user_id_hyperlink">
    <skipped/>
  </testcase> <!-- use_of_linkText_as_locator_in_forgot_user_id_hyperlink -->
  <system-out/>
  <testcase classname="pages.HomePageTest" name="clickNURTest">
    <skipped/>
  </testcase> <!-- clickNURTest -->
  <system-out/>
  <testcase classname="pages.HomePageTest" name="role1_use_of_cssSelector_as_locator_in_new_user_registration_button">
    <skipped/>
  </testcase> <!-- role1_use_of_cssSelector_as_locator_in_new_user_registration_button -->
  <system-out/>
  <testcase classname="pages.HomePageTest" name="role2_use_of_cssSelector_as_locator_in_login_button">
    <skipped/>
  </testcase> <!-- role2_use_of_cssSelector_as_locator_in_login_button -->
  <system-out/>
  <testcase classname="pages.HomePageTest" name="role5_use_of_cssSelector_as_locator_in_login_button">
    <skipped/>
  </testcase> <!-- role5_use_of_cssSelector_as_locator_in_login_button -->
  <system-out/>
  <testcase classname="pages.HomePageTest" name="nullPointerExceptionTest">
    <skipped/>
  </testcase> <!-- nullPointerExceptionTest -->
  <system-out/>
  <testcase classname="pages.HomePageTest" name="use_of_partialLinkText_as_locator_in_forgot_password_hyperlink">
    <skipped/>
  </testcase> <!-- use_of_partialLinkText_as_locator_in_forgot_password_hyperlink -->
  <system-out/>
  <testcase classname="pages.HomePageTest" name="clickUserIdTest">
    <skipped/>
  </testcase> <!-- clickUserIdTest -->
  <system-out/>
  <testcase classname="pages.HomePageTest" name="why_we_use_cssSelector_as_locator_in_logo">
    <skipped/>
  </testcase> <!-- why_we_use_cssSelector_as_locator_in_logo -->
  <system-out/>
  <testcase classname="pages.HomePageTest" name="inputTextInUserIdAndPasswordFieldThenClickLoginButtonTest">
    <skipped/>
  </testcase> <!-- inputTextInUserIdAndPasswordFieldThenClickLoginButtonTest -->
  <system-out/>
  <testcase classname="pages.HomePageTest" name="forgotUserIdTest">
    <skipped/>
  </testcase> <!-- forgotUserIdTest -->
  <system-out/>
  <testcase classname="pages.HomePageTest" name="clickLogoTest">
    <skipped/>
  </testcase> <!-- clickLogoTest -->
  <system-out/>
  <testcase classname="pages.HomePageTest" name="role4_use_of_cssSelector_as_locator_in_login_button">
    <skipped/>
  </testcase> <!-- role4_use_of_cssSelector_as_locator_in_login_button -->
  <system-out/>
  <testcase classname="pages.HomePageTest" name="clickLoginButtonTest">
    <skipped/>
  </testcase> <!-- clickLoginButtonTest -->
  <system-out/>
  <testcase classname="pages.HomePageTest" name="inputTextInUserIdFieldTest">
    <skipped/>
  </testcase> <!-- inputTextInUserIdFieldTest -->
  <system-out/>
  <testcase classname="pages.HomePageTest" name="clickUnlockTest">
    <skipped/>
  </testcase> <!-- clickUnlockTest -->
  <system-out/>
  <testcase classname="pages.HomePageTest" name="clickPasswordTest">
    <skipped/>
  </testcase> <!-- clickPasswordTest -->
  <system-out/>
  <testcase classname="pages.HomePageTest" name="clickWrongNURTest">
    <skipped/>
  </testcase> <!-- clickWrongNURTest -->
  <system-out/>
</testsuite> <!-- pages.HomePageTest -->
